#
# There is insufficient memory for the Java Runtime Environment to continue.
# Native memory allocation (malloc) failed to allocate 1048576 bytes for AllocateHeap
# Possible reasons:
#   The system is out of physical RAM or swap space
#   The process is running with CompressedOops enabled, and the Java Heap may be blocking the growth of the native heap
# Possible solutions:
#   Reduce memory load on the system
#   Increase physical memory or swap space
#   Check if swap backing store is full
#   Decrease Java heap size (-Xmx/-Xms)
#   Decrease number of Java threads
#   Decrease Java thread stack sizes (-Xss)
#   Set larger code cache with -XX:ReservedCodeCacheSize=
#
#  , pid=33832
# Intel(R) Core(TM) i7-6600U CPU @ 2.60GHz, 4 cores, 7G,  Windows 10 , 64 bit Build 17134 (10.0.17134.648)
Time: Thu Jul 18 19:01:00 2019 Hora de verano central (México) elapsed time: 31061 seconds (0d 8h 37m 41s)

---------------  T H R E A D  ---------------

Current thread (0x000001cece999800):  VMThread "VM Thread" [stack: 0x0000002cdae00000,0x0000002cdaf00000] [id=35940]

Stack: [0x0000002cdae00000,0x0000002cdaf00000]
[error occurred during error reporting (printing stack bounds), id 0xc0000005, EXCEPTION_ACCESS_VIOLATION (0xc0000005) at pc=0x000001ceb8960bad]

Native frames: (J=compiled Java code, j=interpreted, Vv=VM code, C=native code)
V  [jvm.dll+0x63a6aa]
V  [jvm.dll+0x78cc6e]
V  [jvm.dll+0x78e311]
V  [jvm.dll+0x78e8c5]
V  [jvm.dll+0x78e87b]
V  [jvm.dll+0x639da4]
V  [jvm.dll+0x63a178]
C  [ntdll.dll+0x9f7dd]
C  [ntdll.dll+0xd856]
C  [ntdll.dll+0x9e70e]
C  0x000001ceb8960bad

VM_Operation (0x0000002cda7fc9d0): CollectForMetadataAllocation, mode: safepoint, requested by thread 0x000001ced3593800


---------------  P R O C E S S  ---------------

Threads class SMR info:
_java_thread_list=0x000001cecfb1bf40, length=38, elements={
0x000001cece99e000, 0x000001cece9a1800, 0x000001cecf2c1000, 0x000001cece9ad800,
0x000001cece9ae800, 0x000001cecf2e9800, 0x000001cece984000, 0x000001cecf3f2000,
0x000001cecf8ad000, 0x000001cecf894000, 0x000001cecf909000, 0x000001cecf90d800,
0x000001ced0ed1800, 0x000001ced0ecf000, 0x000001ced0ed2800, 0x000001ced0ece800,
0x000001ced0ed5000, 0x000001ced0ed3000, 0x000001ced0ed0000, 0x000001ced0ed0800,
0x000001ced0ed4000, 0x000001ced3588000, 0x000001ced3587800, 0x000001ced3589000,
0x000001ced358d000, 0x000001ced358a800, 0x000001ced358f800, 0x000001ced358e800,
0x000001ced358c000, 0x000001ced358b800, 0x000001ced358e000, 0x000001ced3589800,
0x000001ced3596000, 0x000001ced3592000, 0x000001ced3590800, 0x000001ced3592800,
0x000001ced3591000, 0x000001ced3593800
}

Java Threads: ( => current thread )
  0x000001cece99e000 JavaThread "Reference Handler" daemon [_thread_blocked, id=33200, stack(0x0000002cdaf00000,0x0000002cdb000000)]
  0x000001cece9a1800 JavaThread "Finalizer" daemon [_thread_blocked, id=33324, stack(0x0000002cdb000000,0x0000002cdb100000)]
  0x000001cecf2c1000 JavaThread "Signal Dispatcher" daemon [_thread_blocked, id=27748, stack(0x0000002cdb100000,0x0000002cdb200000)]
  0x000001cece9ad800 JavaThread "Attach Listener" daemon [_thread_blocked, id=37780, stack(0x0000002cdb200000,0x0000002cdb300000)]
  0x000001cece9ae800 JavaThread "C1 CompilerThread0" daemon [_thread_blocked, id=36276, stack(0x0000002cdb300000,0x0000002cdb400000)]
  0x000001cecf2e9800 JavaThread "Sweeper thread" daemon [_thread_blocked, id=34988, stack(0x0000002cdb400000,0x0000002cdb500000)]
  0x000001cece984000 JavaThread "Common-Cleaner" daemon [_thread_blocked, id=36908, stack(0x0000002cdb500000,0x0000002cdb600000)]
  0x000001cecf3f2000 JavaThread "Service Thread" daemon [_thread_blocked, id=22892, stack(0x0000002cdb600000,0x0000002cdb700000)]
  0x000001cecf8ad000 JavaThread "RMI TCP Accept-0" daemon [_thread_in_native, id=37480, stack(0x0000002cdb700000,0x0000002cdb800000)]
  0x000001cecf894000 JavaThread "RMI TCP Accept-19598" daemon [_thread_in_native, id=25488, stack(0x0000002cdb800000,0x0000002cdb900000)]
  0x000001cecf909000 JavaThread "RMI Scheduler(0)" daemon [_thread_blocked, id=37584, stack(0x0000002cdba00000,0x0000002cdbb00000)]
  0x000001cecf90d800 JavaThread "RMI TCP Accept-0" daemon [_thread_blocked, id=1348, stack(0x0000002cdbb00000,0x0000002cdbc00000)]
  0x000001ced0ed1800 JavaThread "ContainerBackgroundProcessor[StandardEngine[Tomcat]]" daemon [_thread_blocked, id=33816, stack(0x0000002cdc500000,0x0000002cdc600000)]
  0x000001ced0ecf000 JavaThread "container-0" [_thread_blocked, id=35068, stack(0x0000002cdc600000,0x0000002cdc700000)]
  0x000001ced0ed2800 JavaThread "Abandoned connection cleanup thread" daemon [_thread_blocked, id=36084, stack(0x0000002cdc700000,0x0000002cdc800000)]
  0x000001ced0ece800 JavaThread "HikariPool-1 housekeeper" daemon [_thread_blocked, id=34968, stack(0x0000002cdc900000,0x0000002cdca00000)]
  0x000001ced0ed5000 JavaThread "Live Reload Server" daemon [_thread_in_native, id=10620, stack(0x0000002cdcc00000,0x0000002cdcd00000)]
  0x000001ced0ed3000 JavaThread "File Watcher" daemon [_thread_blocked, id=34908, stack(0x0000002cdca00000,0x0000002cdcb00000)]
  0x000001ced0ed0000 JavaThread "NioBlockingSelector.BlockPoller-1" daemon [_thread_blocked, id=29680, stack(0x0000002cdcb00000,0x0000002cdcc00000)]
  0x000001ced0ed0800 JavaThread "http-nio-8061-exec-1" daemon [_thread_blocked, id=27484, stack(0x0000002cdcd00000,0x0000002cdce00000)]
  0x000001ced0ed4000 JavaThread "http-nio-8061-exec-2" daemon [_thread_blocked, id=37484, stack(0x0000002cdce00000,0x0000002cdcf00000)]
  0x000001ced3588000 JavaThread "http-nio-8061-exec-3" daemon [_thread_blocked, id=37456, stack(0x0000002cdcf00000,0x0000002cdd000000)]
  0x000001ced3587800 JavaThread "http-nio-8061-exec-4" daemon [_thread_blocked, id=37600, stack(0x0000002cdd000000,0x0000002cdd100000)]
  0x000001ced3589000 JavaThread "http-nio-8061-exec-5" daemon [_thread_blocked, id=31312, stack(0x0000002cdd100000,0x0000002cdd200000)]
  0x000001ced358d000 JavaThread "http-nio-8061-exec-6" daemon [_thread_blocked, id=27040, stack(0x0000002cdd200000,0x0000002cdd300000)]
  0x000001ced358a800 JavaThread "http-nio-8061-exec-7" daemon [_thread_blocked, id=37748, stack(0x0000002cdd300000,0x0000002cdd400000)]
  0x000001ced358f800 JavaThread "http-nio-8061-exec-8" daemon [_thread_blocked, id=32828, stack(0x0000002cdd400000,0x0000002cdd500000)]
  0x000001ced358e800 JavaThread "http-nio-8061-exec-9" daemon [_thread_blocked, id=36904, stack(0x0000002cdd500000,0x0000002cdd600000)]
  0x000001ced358c000 JavaThread "http-nio-8061-exec-10" daemon [_thread_blocked, id=30468, stack(0x0000002cdd600000,0x0000002cdd700000)]
  0x000001ced358b800 JavaThread "http-nio-8061-ClientPoller-0" daemon [_thread_blocked, id=36920, stack(0x0000002cdd700000,0x0000002cdd800000)]
  0x000001ced358e000 JavaThread "http-nio-8061-ClientPoller-1" daemon [_thread_in_native, id=30184, stack(0x0000002cdd800000,0x0000002cdd900000)]
  0x000001ced3589800 JavaThread "http-nio-8061-Acceptor-0" daemon [_thread_in_native, id=36156, stack(0x0000002cdd900000,0x0000002cdda00000)]
  0x000001ced3596000 JavaThread "http-nio-8061-AsyncTimeout" daemon [_thread_blocked, id=11452, stack(0x0000002cdda00000,0x0000002cddb00000)]
  0x000001ced3592000 JavaThread "DestroyJavaVM" [_thread_blocked, id=35748, stack(0x0000002cda800000,0x0000002cda900000)]
  0x000001ced3590800 JavaThread "JMX server connection timeout 163" daemon [_thread_blocked, id=49676, stack(0x0000002cda600000,0x0000002cda700000)]
  0x000001ced3592800 JavaThread "JMX server connection timeout 204" daemon [_thread_blocked, id=3384, stack(0x0000002cda500000,0x0000002cda600000)]
  0x000001ced3591000 JavaThread "RMI TCP Connection(idle)" daemon [_thread_blocked, id=48748, stack(0x0000002cdb900000,0x0000002cdba00000)]
  0x000001ced3593800 JavaThread "RMI TCP Connection(492)-127.0.0.1" daemon [_thread_blocked, id=23156, stack(0x0000002cda700000,0x0000002cda800000)]

Other Threads:
=>0x000001cece999800 VMThread "VM Thread" [stack: 0x0000002cdae00000,0x0000002cdaf00000] [id=35940]
  0x000001cecf90f800 WatcherThread [stack: 0x0000002cdbc00000,0x0000002cdbd00000] [id=37508]
  0x000001ceb0600800 GCTaskThread "GC Thread#0" [stack: 0x0000002cda900000,0x0000002cdaa00000] [id=30692]
  0x000001cecf920800 GCTaskThread "GC Thread#1" [stack: 0x0000002cdbd00000,0x0000002cdbe00000] [id=27308]
  0x000001cecf950000 GCTaskThread "GC Thread#2" [stack: 0x0000002cdbe00000,0x0000002cdbf00000] [id=37328]
  0x000001ced052b800 GCTaskThread "GC Thread#3" [stack: 0x0000002cdc300000,0x0000002cdc400000] [id=18904]
  0x000001ceb060e000 ConcurrentGCThread "G1 Main Marker" [stack: 0x0000002cdaa00000,0x0000002cdab00000] [id=36944]
  0x000001ceb060f800 ConcurrentGCThread "G1 Conc#0" [stack: 0x0000002cdab00000,0x0000002cdac00000] [id=32908]
  0x000001cece818800 ConcurrentGCThread "G1 Refine#0" [stack: 0x0000002cdac00000,0x0000002cdad00000] [id=980]
  0x000001cecf984800 ConcurrentGCThread "G1 Refine#1" [stack: 0x0000002cdbf00000,0x0000002cdc000000] [id=28844]
  0x000001cece81b800 ConcurrentGCThread "G1 Young RemSet Sampling" [stack: 0x0000002cdad00000,0x0000002cdae00000] [id=34088]

Threads with active compile tasks:

VM state:at safepoint (normal execution)

VM Mutex/Monitor currently owned by a thread:  ([mutex/lock_event])
[0x000001ceb05bfa90] Threads_lock - owner thread: 0x000001cece999800
[0x000001ceb05bdf00] Heap_lock - owner thread: 0x000001ced3593800

OutOfMemory and StackOverflow Exception counts:
StackOverflowErrors=1
LinkageErrors=63

Heap address: 0x0000000081c00000, size: 2020 MB, Compressed Oops mode: 32-bit
Narrow klass base: 0x0000000800000000, Narrow klass shift: 3
Compressed class space size: 1073741824 Address: 0x0000000801180000

Heap:
 garbage-first heap   total 102400K, used 43777K [0x0000000081c00000, 0x0000000100000000)
  region size 1024K, 1 young (1024K), 1 survivors (1024K)
 Metaspace       used 59895K, capacity 61671K, committed 61696K, reserved 1110016K
  class space    used 8293K, capacity 8937K, committed 8960K, reserved 1048576K
Heap Regions: E=young(eden), S=young(survivor), O=old, HS=humongous(starts), HC=humongous(continues), CS=collection set, F=free, A=archive, TAMS=top-at-mark-start (previous, next)
|   0|0x0000000081c00000, 0x0000000081d00000, 0x0000000081d00000|100%|HS|  |TAMS 0x0000000081d00000, 0x0000000081d00000| Complete 
|   1|0x0000000081d00000, 0x0000000081e00000, 0x0000000081e00000|100%| O|  |TAMS 0x0000000081e00000, 0x0000000081e00000| Untracked 
|   2|0x0000000081e00000, 0x0000000081f00000, 0x0000000081f00000|100%| O|  |TAMS 0x0000000081f00000, 0x0000000081f00000| Untracked 
|   3|0x0000000081f00000, 0x0000000082000000, 0x0000000082000000|100%| O|  |TAMS 0x0000000082000000, 0x0000000082000000| Untracked 
|   4|0x0000000082000000, 0x0000000082100000, 0x0000000082100000|100%| O|  |TAMS 0x0000000082100000, 0x0000000082100000| Untracked 
|   5|0x0000000082100000, 0x0000000082200000, 0x0000000082200000|100%| O|  |TAMS 0x0000000082200000, 0x0000000082200000| Untracked 
|   6|0x0000000082200000, 0x0000000082300000, 0x0000000082300000|100%| O|  |TAMS 0x0000000082300000, 0x0000000082300000| Untracked 
|   7|0x0000000082300000, 0x0000000082400000, 0x0000000082400000|100%| O|  |TAMS 0x0000000082400000, 0x0000000082400000| Untracked 
|   8|0x0000000082400000, 0x0000000082500000, 0x0000000082500000|100%| O|  |TAMS 0x0000000082400000, 0x0000000082500000| Untracked 
|   9|0x0000000082500000, 0x0000000082600000, 0x0000000082600000|100%| O|  |TAMS 0x0000000082600000, 0x0000000082600000| Untracked 
|  10|0x0000000082600000, 0x0000000082700000, 0x0000000082700000|100%| O|  |TAMS 0x0000000082700000, 0x0000000082700000| Untracked 
|  11|0x0000000082700000, 0x0000000082800000, 0x0000000082800000|100%| O|  |TAMS 0x0000000082800000, 0x0000000082800000| Untracked 
|  12|0x0000000082800000, 0x0000000082900000, 0x0000000082900000|100%| O|  |TAMS 0x0000000082900000, 0x0000000082900000| Untracked 
|  13|0x0000000082900000, 0x0000000082a00000, 0x0000000082a00000|100%| O|  |TAMS 0x0000000082a00000, 0x0000000082a00000| Untracked 
|  14|0x0000000082a00000, 0x0000000082b00000, 0x0000000082b00000|100%| O|  |TAMS 0x0000000082b00000, 0x0000000082b00000| Untracked 
|  15|0x0000000082b00000, 0x0000000082c00000, 0x0000000082c00000|100%| O|  |TAMS 0x0000000082c00000, 0x0000000082c00000| Untracked 
|  16|0x0000000082c00000, 0x0000000082d00000, 0x0000000082d00000|100%| O|  |TAMS 0x0000000082d00000, 0x0000000082d00000| Untracked 
|  17|0x0000000082d00000, 0x0000000082e00000, 0x0000000082e00000|100%| O|  |TAMS 0x0000000082e00000, 0x0000000082e00000| Untracked 
|  18|0x0000000082e00000, 0x0000000082f00000, 0x0000000082f00000|100%| O|  |TAMS 0x0000000082f00000, 0x0000000082f00000| Untracked 
|  19|0x0000000082f00000, 0x0000000083000000, 0x0000000083000000|100%| O|  |TAMS 0x0000000083000000, 0x0000000083000000| Untracked 
|  20|0x0000000083000000, 0x0000000083100000, 0x0000000083100000|100%| O|  |TAMS 0x0000000083100000, 0x0000000083100000| Untracked 
|  21|0x0000000083100000, 0x0000000083200000, 0x0000000083200000|100%| O|  |TAMS 0x0000000083200000, 0x0000000083200000| Untracked 
|  22|0x0000000083200000, 0x0000000083300000, 0x0000000083300000|100%| O|  |TAMS 0x0000000083300000, 0x0000000083300000| Untracked 
|  23|0x0000000083300000, 0x0000000083400000, 0x0000000083400000|100%| O|  |TAMS 0x0000000083400000, 0x0000000083400000| Untracked 
|  24|0x0000000083400000, 0x0000000083415800, 0x0000000083500000|  8%| O|  |TAMS 0x0000000083400000, 0x0000000083414600| Untracked 
|  25|0x0000000083500000, 0x0000000083600000, 0x0000000083600000|100%| O|  |TAMS 0x0000000083600000, 0x0000000083600000| Untracked 
|  26|0x0000000083600000, 0x0000000083700000, 0x0000000083700000|100%| O|  |TAMS 0x0000000083700000, 0x0000000083700000| Untracked 
|  27|0x0000000083700000, 0x0000000083800000, 0x0000000083800000|100%| O|  |TAMS 0x0000000083800000, 0x0000000083800000| Untracked 
|  28|0x0000000083800000, 0x0000000083900000, 0x0000000083900000|100%| O|  |TAMS 0x0000000083900000, 0x0000000083900000| Untracked 
|  29|0x0000000083900000, 0x0000000083a00000, 0x0000000083a00000|100%| O|  |TAMS 0x0000000083a00000, 0x0000000083a00000| Untracked 
|  30|0x0000000083a00000, 0x0000000083b00000, 0x0000000083b00000|100%| O|  |TAMS 0x0000000083b00000, 0x0000000083b00000| Untracked 
|  31|0x0000000083b00000, 0x0000000083c00000, 0x0000000083c00000|100%| O|  |TAMS 0x0000000083c00000, 0x0000000083c00000| Untracked 
|  32|0x0000000083c00000, 0x0000000083d00000, 0x0000000083d00000|100%| O|  |TAMS 0x0000000083d00000, 0x0000000083d00000| Untracked 
|  33|0x0000000083d00000, 0x0000000083d00000, 0x0000000083e00000|  0%| F|  |TAMS 0x0000000083d00000, 0x0000000083d00000| Untracked 
|  34|0x0000000083e00000, 0x0000000083f00000, 0x0000000083f00000|100%| O|  |TAMS 0x0000000083f00000, 0x0000000083f00000| Untracked 
|  35|0x0000000083f00000, 0x0000000084000000, 0x0000000084000000|100%| O|  |TAMS 0x0000000084000000, 0x0000000084000000| Untracked 
|  36|0x0000000084000000, 0x0000000084100000, 0x0000000084100000|100%| O|  |TAMS 0x0000000084100000, 0x0000000084100000| Untracked 
|  37|0x0000000084100000, 0x0000000084200000, 0x0000000084200000|100%| O|  |TAMS 0x0000000084200000, 0x0000000084200000| Untracked 
|  38|0x0000000084200000, 0x0000000084300000, 0x0000000084300000|100%| O|  |TAMS 0x00000000842e4400, 0x0000000084300000| Untracked 
|  39|0x0000000084300000, 0x0000000084400000, 0x0000000084400000|100%| O|  |TAMS 0x0000000084300000, 0x0000000084400000| Untracked 
|  40|0x0000000084400000, 0x0000000084500000, 0x0000000084500000|100%| O|  |TAMS 0x0000000084400000, 0x0000000084500000| Untracked 
|  41|0x0000000084500000, 0x0000000084600000, 0x0000000084600000|100%| O|  |TAMS 0x0000000084500000, 0x0000000084600000| Untracked 
|  42|0x0000000084600000, 0x0000000084700000, 0x0000000084700000|100%| O|  |TAMS 0x0000000084600000, 0x0000000084700000| Untracked 
|  43|0x0000000084700000, 0x0000000084800000, 0x0000000084800000|100%| O|  |TAMS 0x0000000084700000, 0x0000000084800000| Untracked 
|  44|0x0000000084800000, 0x0000000084800000, 0x0000000084900000|  0%| F|  |TAMS 0x0000000084800000, 0x0000000084800000| Untracked 
|  45|0x0000000084900000, 0x0000000084900000, 0x0000000084a00000|  0%| F|  |TAMS 0x0000000084900000, 0x0000000084900000| Untracked 
|  46|0x0000000084a00000, 0x0000000084a00000, 0x0000000084b00000|  0%| F|  |TAMS 0x0000000084a00000, 0x0000000084a00000| Untracked 
|  47|0x0000000084b00000, 0x0000000084b00000, 0x0000000084c00000|  0%| F|  |TAMS 0x0000000084b00000, 0x0000000084b00000| Untracked 
|  48|0x0000000084c00000, 0x0000000084c00000, 0x0000000084d00000|  0%| F|  |TAMS 0x0000000084c00000, 0x0000000084c00000| Untracked 
|  49|0x0000000084d00000, 0x0000000084d00000, 0x0000000084e00000|  0%| F|  |TAMS 0x0000000084d00000, 0x0000000084d00000| Untracked 
|  50|0x0000000084e00000, 0x0000000084e00000, 0x0000000084f00000|  0%| F|  |TAMS 0x0000000084e00000, 0x0000000084e00000| Untracked 
|  51|0x0000000084f00000, 0x0000000084f00000, 0x0000000085000000|  0%| F|  |TAMS 0x0000000084f00000, 0x0000000084f00000| Untracked 
|  52|0x0000000085000000, 0x0000000085000000, 0x0000000085100000|  0%| F|  |TAMS 0x0000000085000000, 0x0000000085000000| Untracked 
|  53|0x0000000085100000, 0x0000000085100000, 0x0000000085200000|  0%| F|  |TAMS 0x0000000085100000, 0x0000000085100000| Untracked 
|  54|0x0000000085200000, 0x0000000085200000, 0x0000000085300000|  0%| F|  |TAMS 0x0000000085200000, 0x0000000085200000| Untracked 
|  55|0x0000000085300000, 0x0000000085300000, 0x0000000085400000|  0%| F|  |TAMS 0x0000000085300000, 0x0000000085300000| Untracked 
|  56|0x0000000085400000, 0x0000000085400000, 0x0000000085500000|  0%| F|  |TAMS 0x0000000085400000, 0x0000000085400000| Untracked 
|  57|0x0000000085500000, 0x0000000085500000, 0x0000000085600000|  0%| F|  |TAMS 0x0000000085500000, 0x0000000085500000| Untracked 
|  58|0x0000000085600000, 0x0000000085600000, 0x0000000085700000|  0%| F|  |TAMS 0x0000000085600000, 0x0000000085600000| Untracked 
|  59|0x0000000085700000, 0x0000000085700000, 0x0000000085800000|  0%| F|  |TAMS 0x0000000085700000, 0x0000000085700000| Untracked 
|  60|0x0000000085800000, 0x0000000085800000, 0x0000000085900000|  0%| F|  |TAMS 0x0000000085800000, 0x0000000085800000| Untracked 
|  61|0x0000000085900000, 0x0000000085900000, 0x0000000085a00000|  0%| F|  |TAMS 0x0000000085900000, 0x0000000085900000| Untracked 
|  62|0x0000000085a00000, 0x0000000085a00000, 0x0000000085b00000|  0%| F|  |TAMS 0x0000000085a00000, 0x0000000085a00000| Untracked 
|  63|0x0000000085b00000, 0x0000000085b00000, 0x0000000085c00000|  0%| F|  |TAMS 0x0000000085b00000, 0x0000000085b00000| Untracked 
|  64|0x0000000085c00000, 0x0000000085c00000, 0x0000000085d00000|  0%| F|  |TAMS 0x0000000085c00000, 0x0000000085c00000| Untracked 
|  65|0x0000000085d00000, 0x0000000085d00000, 0x0000000085e00000|  0%| F|  |TAMS 0x0000000085d00000, 0x0000000085d00000| Untracked 
|  66|0x0000000085e00000, 0x0000000085e00000, 0x0000000085f00000|  0%| F|  |TAMS 0x0000000085e00000, 0x0000000085e00000| Untracked 
|  67|0x0000000085f00000, 0x0000000085f00000, 0x0000000086000000|  0%| F|  |TAMS 0x0000000085f00000, 0x0000000085f00000| Untracked 
|  68|0x0000000086000000, 0x0000000086000000, 0x0000000086100000|  0%| F|  |TAMS 0x0000000086000000, 0x0000000086000000| Untracked 
|  69|0x0000000086100000, 0x0000000086100000, 0x0000000086200000|  0%| F|  |TAMS 0x0000000086100000, 0x0000000086100000| Untracked 
|  70|0x0000000086200000, 0x0000000086200000, 0x0000000086300000|  0%| F|  |TAMS 0x0000000086200000, 0x0000000086200000| Untracked 
|  71|0x0000000086300000, 0x00000000863aad00, 0x0000000086400000| 66%| S|CS|TAMS 0x0000000086300000, 0x0000000086300000| Complete 
|  72|0x0000000086400000, 0x0000000086400000, 0x0000000086500000|  0%| F|  |TAMS 0x0000000086400000, 0x0000000086400000| Untracked 
|  73|0x0000000086500000, 0x0000000086500000, 0x0000000086600000|  0%| F|  |TAMS 0x0000000086500000, 0x0000000086500000| Untracked 
|  74|0x0000000086600000, 0x0000000086600000, 0x0000000086700000|  0%| F|  |TAMS 0x0000000086600000, 0x0000000086600000| Untracked 
|  75|0x0000000086700000, 0x0000000086700000, 0x0000000086800000|  0%| F|  |TAMS 0x0000000086700000, 0x0000000086700000| Untracked 
|  76|0x0000000086800000, 0x0000000086800000, 0x0000000086900000|  0%| F|  |TAMS 0x0000000086800000, 0x0000000086800000| Untracked 
|  77|0x0000000086900000, 0x0000000086900000, 0x0000000086a00000|  0%| F|  |TAMS 0x0000000086900000, 0x0000000086900000| Untracked 
|  78|0x0000000086a00000, 0x0000000086a00000, 0x0000000086b00000|  0%| F|  |TAMS 0x0000000086a00000, 0x0000000086a00000| Untracked 
|  79|0x0000000086b00000, 0x0000000086b00000, 0x0000000086c00000|  0%| F|  |TAMS 0x0000000086b00000, 0x0000000086b00000| Untracked 
|  80|0x0000000086c00000, 0x0000000086c00000, 0x0000000086d00000|  0%| F|  |TAMS 0x0000000086c00000, 0x0000000086c00000| Untracked 
|  81|0x0000000086d00000, 0x0000000086d00000, 0x0000000086e00000|  0%| F|  |TAMS 0x0000000086d00000, 0x0000000086d00000| Untracked 
|  82|0x0000000086e00000, 0x0000000086e00000, 0x0000000086f00000|  0%| F|  |TAMS 0x0000000086e00000, 0x0000000086e00000| Untracked 
|  83|0x0000000086f00000, 0x0000000086f00000, 0x0000000087000000|  0%| F|  |TAMS 0x0000000086f00000, 0x0000000086f00000| Untracked 
|  84|0x0000000087000000, 0x0000000087000000, 0x0000000087100000|  0%| F|  |TAMS 0x0000000087000000, 0x0000000087000000| Untracked 
|  85|0x0000000087100000, 0x0000000087100000, 0x0000000087200000|  0%| F|  |TAMS 0x0000000087100000, 0x0000000087100000| Untracked 
|  86|0x0000000087200000, 0x0000000087200000, 0x0000000087300000|  0%| F|  |TAMS 0x0000000087200000, 0x0000000087200000| Untracked 
|  87|0x0000000087300000, 0x0000000087300000, 0x0000000087400000|  0%| F|  |TAMS 0x0000000087300000, 0x0000000087300000| Untracked 
|  88|0x0000000087400000, 0x0000000087400000, 0x0000000087500000|  0%| F|  |TAMS 0x0000000087400000, 0x0000000087400000| Untracked 
|  89|0x0000000087500000, 0x0000000087500000, 0x0000000087600000|  0%| F|  |TAMS 0x0000000087500000, 0x0000000087500000| Untracked 
|  90|0x0000000087600000, 0x0000000087600000, 0x0000000087700000|  0%| F|  |TAMS 0x0000000087600000, 0x0000000087600000| Untracked 
|  91|0x0000000087700000, 0x0000000087700000, 0x0000000087800000|  0%| F|  |TAMS 0x0000000087700000, 0x0000000087700000| Untracked 
| 115|0x0000000088f00000, 0x0000000088f00000, 0x0000000089000000|  0%| F|  |TAMS 0x0000000088f00000, 0x0000000088f00000| Untracked 
| 116|0x0000000089000000, 0x0000000089000000, 0x0000000089100000|  0%| F|  |TAMS 0x0000000089000000, 0x0000000089000000| Untracked 
| 117|0x0000000089100000, 0x0000000089100000, 0x0000000089200000|  0%| F|  |TAMS 0x0000000089100000, 0x0000000089100000| Untracked 
| 118|0x0000000089200000, 0x0000000089200000, 0x0000000089300000|  0%| F|  |TAMS 0x0000000089200000, 0x0000000089200000| Untracked 
| 119|0x0000000089300000, 0x0000000089300000, 0x0000000089400000|  0%| F|  |TAMS 0x0000000089300000, 0x0000000089300000| Untracked 
| 120|0x0000000089400000, 0x0000000089400000, 0x0000000089500000|  0%| F|  |TAMS 0x0000000089400000, 0x0000000089400000| Untracked 
| 126|0x0000000089a00000, 0x0000000089a00000, 0x0000000089b00000|  0%| F|  |TAMS 0x0000000089a00000, 0x0000000089a00000| Untracked 
| 127|0x0000000089b00000, 0x0000000089b00000, 0x0000000089c00000|  0%| F|  |TAMS 0x0000000089b00000, 0x0000000089b00000| Untracked 

Card table byte_map: [0x000001cec7d60000,0x000001cec8160000] _byte_map_base: 0x000001cec7952000

Marking Bits (Prev, Next): (CMBitMap*) 0x000001ceb0601728, (CMBitMap*) 0x000001ceb06016e8
 Prev Bits: [0x000001ceca4f0000, 0x000001cecc480000)
 Next Bits: [0x000001cec8560000, 0x000001ceca4f0000)

Polling page: 0x000001ceafd40000

Metaspace:

Usage:
  Non-class:     51.50 MB capacity,    50.39 MB ( 98%) used,   934.55 KB (  2%) free+waste,   196.88 KB ( <1%) overhead. 
      Class:      8.73 MB capacity,     8.10 MB ( 93%) used,   548.30 KB (  6%) free+waste,    95.69 KB (  1%) overhead. 
       Both:     60.23 MB capacity,    58.49 MB ( 97%) used,     1.45 MB (  2%) free+waste,   292.56 KB ( <1%) overhead. 

Virtual space:
  Non-class space:       60.00 MB reserved,      51.50 MB ( 86%) committed 
      Class space:        1.00 GB reserved,       8.75 MB ( <1%) committed 
             Both:        1.06 GB reserved,      60.25 MB (  6%) committed 

Chunk freelists:
   Non-Class:  256 bytes
       Class:  0 bytes
        Both:  256 bytes

CodeHeap 'non-profiled nmethods': size=238912Kb used=11984Kb max_used=11984Kb free=226928Kb
 bounds [0x000001ceb9010000, 0x000001ceb9bd0000, 0x000001cec7960000]
CodeHeap 'non-nmethods': size=6848Kb used=1267Kb max_used=1267Kb free=5580Kb
 bounds [0x000001ceb8960000, 0x000001ceb8bd0000, 0x000001ceb9010000]
 total_blobs=7500 nmethods=6735 adapters=558
 compilation: enabled
              stopped_count=0, restarted_count=0
 full_count=0

Compilation events (10 events):
Event: 30089.650 Thread 0x000001cece9ae800 6849       1       java.security.Security::getImpl (31 bytes)
Event: 30089.663 Thread 0x000001cece9ae800 nmethod 6849 0x000001ceb9bc5f90 code [0x000001ceb9bc61c0, 0x000001ceb9bc6a20]
Event: 30103.911 Thread 0x000001cece9ae800 6851       1       java.security.AccessController::getContext (23 bytes)
Event: 30103.916 Thread 0x000001cece9ae800 nmethod 6851 0x000001ceb9bc7210 code [0x000001ceb9bc73e0, 0x000001ceb9bc75a0]
Event: 31060.908 Thread 0x000001cece9ae800 6852       1       java.lang.reflect.Field::setAccessible (21 bytes)
Event: 31060.932 Thread 0x000001cece9ae800 nmethod 6852 0x000001ceb9bc7690 code [0x000001ceb9bc7860, 0x000001ceb9bc7a70]
Event: 31060.932 Thread 0x000001cece9ae800 6853       1       java.lang.reflect.Field::checkCanSetAccessible (10 bytes)
Event: 31060.932 Thread 0x000001cece9ae800 nmethod 6853 0x000001ceb9bc7b90 code [0x000001ceb9bc7d40, 0x000001ceb9bc7eb0]
Event: 31060.935 Thread 0x000001cece9ae800 6854       1       java.lang.ClassLoader::checkCreateClassLoader (35 bytes)
Event: 31060.940 Thread 0x000001cece9ae800 nmethod 6854 0x000001ceb9bc7f90 code [0x000001ceb9bc8160, 0x000001ceb9bc83a0]

GC Heap History (10 events):
Event: 27568.984 GC heap before
{Heap before GC invocations=52 (full 0):
 garbage-first heap   total 102400K, used 86955K [0x0000000081c00000, 0x0000000100000000)
  region size 1024K, 43 young (44032K), 1 survivors (1024K)
 Metaspace       used 59894K, capacity 61669K, committed 61696K, reserved 1101824K
  class space    used 8292K, capacity 8936K, committed 8960K, reserved 1048576K
}
Event: 27568.986 GC heap after
{Heap after GC invocations=53 (full 0):
 garbage-first heap   total 102400K, used 43776K [0x0000000081c00000, 0x0000000100000000)
  region size 1024K, 1 young (1024K), 1 survivors (1024K)
 Metaspace       used 59894K, capacity 61669K, committed 61696K, reserved 1101824K
  class space    used 8292K, capacity 8936K, committed 8960K, reserved 1048576K
}
Event: 28505.291 GC heap before
{Heap before GC invocations=53 (full 0):
 garbage-first heap   total 102400K, used 86784K [0x0000000081c00000, 0x0000000100000000)
  region size 1024K, 43 young (44032K), 1 survivors (1024K)
 Metaspace       used 59894K, capacity 61669K, committed 61696K, reserved 1101824K
  class space    used 8292K, capacity 8936K, committed 8960K, reserved 1048576K
}
Event: 28505.292 GC heap after
{Heap after GC invocations=54 (full 0):
 garbage-first heap   total 102400K, used 43931K [0x0000000081c00000, 0x0000000100000000)
  region size 1024K, 1 young (1024K), 1 survivors (1024K)
 Metaspace       used 59894K, capacity 61669K, committed 61696K, reserved 1101824K
  class space    used 8292K, capacity 8936K, committed 8960K, reserved 1048576K
}
Event: 29475.631 GC heap before
{Heap before GC invocations=54 (full 0):
 garbage-first heap   total 102400K, used 86939K [0x0000000081c00000, 0x0000000100000000)
  region size 1024K, 43 young (44032K), 1 survivors (1024K)
 Metaspace       used 59894K, capacity 61669K, committed 61696K, reserved 1101824K
  class space    used 8292K, capacity 8936K, committed 8960K, reserved 1048576K
}
Event: 29475.669 GC heap after
{Heap after GC invocations=55 (full 0):
 garbage-first heap   total 102400K, used 43760K [0x0000000081c00000, 0x0000000100000000)
  region size 1024K, 1 young (1024K), 1 survivors (1024K)
 Metaspace       used 59894K, capacity 61669K, committed 61696K, reserved 1101824K
  class space    used 8292K, capacity 8936K, committed 8960K, reserved 1048576K
}
Event: 30427.992 GC heap before
{Heap before GC invocations=55 (full 0):
 garbage-first heap   total 102400K, used 86768K [0x0000000081c00000, 0x0000000100000000)
  region size 1024K, 43 young (44032K), 1 survivors (1024K)
 Metaspace       used 59894K, capacity 61669K, committed 61696K, reserved 1101824K
  class space    used 8292K, capacity 8936K, committed 8960K, reserved 1048576K
}
Event: 30428.037 GC heap after
{Heap after GC invocations=56 (full 0):
 garbage-first heap   total 102400K, used 43910K [0x0000000081c00000, 0x0000000100000000)
  region size 1024K, 1 young (1024K), 1 survivors (1024K)
 Metaspace       used 59894K, capacity 61669K, committed 61696K, reserved 1101824K
  class space    used 8292K, capacity 8936K, committed 8960K, reserved 1048576K
}
Event: 31060.959 GC heap before
{Heap before GC invocations=56 (full 0):
 garbage-first heap   total 102400K, used 71558K [0x0000000081c00000, 0x0000000100000000)
  region size 1024K, 29 young (29696K), 1 survivors (1024K)
 Metaspace       used 59895K, capacity 61671K, committed 61696K, reserved 1107968K
  class space    used 8293K, capacity 8937K, committed 8960K, reserved 1048576K
}
Event: 31061.089 GC heap after
{Heap after GC invocations=57 (full 0):
 garbage-first heap   total 102400K, used 43777K [0x0000000081c00000, 0x0000000100000000)
  region size 1024K, 1 young (1024K), 1 survivors (1024K)
 Metaspace       used 59895K, capacity 61671K, committed 61696K, reserved 1107968K
  class space    used 8293K, capacity 8937K, committed 8960K, reserved 1048576K
}

Deoptimization events (0 events):
No events

Classes redefined (0 events):
No events

Internal exceptions (10 events):
Event: 26879.281 Thread 0x000001cecf8dd800 Exception <a 'java/lang/ClassNotFoundException'{0x00000000874a9708}: org/springframework/boot/actuate/endpoint/jmx/DataEndpointMBean> (0x00000000874a9708) thrown at [t:/workspace/open/src/hotspot/share/classfile/systemDictionary.cpp, line 235]
Event: 26879.281 Thread 0x000001cecf8dd800 Exception <a 'java/lang/ClassNotFoundException'{0x00000000874a9ac8}: org/springframework/context/support/LiveBeansView> (0x00000000874a9ac8) thrown at [t:/workspace/open/src/hotspot/share/classfile/systemDictionary.cpp, line 235]
Event: 26879.281 Thread 0x000001cecf8dd800 Exception <a 'java/lang/ClassNotFoundException'{0x00000000874a9e70}: org/springframework/boot/actuate/endpoint/jmx/EndpointMBean> (0x00000000874a9e70) thrown at [t:/workspace/open/src/hotspot/share/classfile/systemDictionary.cpp, line 235]
Event: 26879.281 Thread 0x000001cecf8dd800 Exception <a 'java/lang/ClassNotFoundException'{0x00000000874aa218}: org/springframework/boot/actuate/endpoint/jmx/DataEndpointMBean> (0x00000000874aa218) thrown at [t:/workspace/open/src/hotspot/share/classfile/systemDictionary.cpp, line 235]
Event: 26879.281 Thread 0x000001cecf8dd800 Exception <a 'java/lang/ClassNotFoundException'{0x00000000874aa5b8}: org/springframework/context/support/LiveBeansView> (0x00000000874aa5b8) thrown at [t:/workspace/open/src/hotspot/share/classfile/systemDictionary.cpp, line 235]
Event: 26879.281 Thread 0x000001cecf8dd800 Exception <a 'java/lang/ClassNotFoundException'{0x00000000874aa978}: org/springframework/boot/actuate/endpoint/jmx/EndpointMBean> (0x00000000874aa978) thrown at [t:/workspace/open/src/hotspot/share/classfile/systemDictionary.cpp, line 235]
Event: 26879.281 Thread 0x000001cecf8dd800 Exception <a 'java/lang/ClassNotFoundException'{0x00000000874aad38}: org/springframework/boot/actuate/endpoint/jmx/DataEndpointMBean> (0x00000000874aad38) thrown at [t:/workspace/open/src/hotspot/share/classfile/systemDictionary.cpp, line 235]
Event: 26879.281 Thread 0x000001cecf8dd800 Exception <a 'java/lang/ClassNotFoundException'{0x00000000874ab0f0}: org/springframework/context/support/LiveBeansView> (0x00000000874ab0f0) thrown at [t:/workspace/open/src/hotspot/share/classfile/systemDictionary.cpp, line 235]
Event: 31060.849 Thread 0x000001ced3593800 StackOverflowError at 0x000001ceb9a36b20
Event: 31060.851 Thread 0x000001ced3593800 Exception <a 'java/lang/StackOverflowError'{0x0000000086484ea8}> (0x0000000086484ea8) thrown at [t:/workspace/open/src/hotspot/share/runtime/sharedRuntime.cpp, line 585]

Events (10 events):
Event: 31001.189 Executing VM operation: RevokeBias done
Event: 31001.189 Executing VM operation: RevokeBias
Event: 31001.189 Executing VM operation: RevokeBias done
Event: 31040.793 Executing VM operation: RevokeBias
Event: 31040.794 Executing VM operation: RevokeBias done
Event: 31060.840 Executing VM operation: RevokeBias
Event: 31060.841 Executing VM operation: RevokeBias done
Event: 31060.859 loading class java/rmi/ServerError
Event: 31060.883 loading class java/rmi/ServerError done
Event: 31060.953 Executing VM operation: CollectForMetadataAllocation


Dynamic libraries:
0x00007ff6f1000000 - 0x00007ff6f100d000 	C:\java\jdk-12.0.2\bin\javaw.exe
0x00007ffc2a040000 - 0x00007ffc2a221000 	C:\windows\SYSTEM32\ntdll.dll
0x00007ffc29b80000 - 0x00007ffc29c32000 	C:\windows\System32\KERNEL32.DLL
0x00007ffc27250000 - 0x00007ffc274c3000 	C:\windows\System32\KERNELBASE.dll
0x00007ffc26410000 - 0x00007ffc26508000 	C:\windows\System32\ucrtbase.dll
0x00007ffc02ca0000 - 0x00007ffc02cb6000 	C:\java\jdk-12.0.2\bin\VCRUNTIME140.dll
0x00007ffbfc9e0000 - 0x00007ffbfc9f7000 	C:\java\jdk-12.0.2\bin\jli.dll
0x00007ffc298c0000 - 0x00007ffc29a50000 	C:\windows\System32\USER32.dll
0x00007ffc26d50000 - 0x00007ffc26d70000 	C:\windows\System32\win32u.dll
0x00007ffc28080000 - 0x00007ffc280a8000 	C:\windows\System32\GDI32.dll
0x00007ffc270b0000 - 0x00007ffc27242000 	C:\windows\System32\gdi32full.dll
0x00007ffc26d70000 - 0x00007ffc26e0f000 	C:\windows\System32\msvcp_win.dll
0x00007ffc12f90000 - 0x00007ffc131f9000 	C:\windows\WinSxS\amd64_microsoft.windows.common-controls_6595b64144ccf1df_6.0.17134.648_none_fb45a0e93062a6d2\COMCTL32.dll
0x00007ffc29e40000 - 0x00007ffc29ede000 	C:\windows\System32\msvcrt.dll
0x00007ffc274f0000 - 0x00007ffc27812000 	C:\windows\System32\combase.dll
0x00007ffc29a50000 - 0x00007ffc29b74000 	C:\windows\System32\RPCRT4.dll
0x00007ffc265c0000 - 0x00007ffc2663a000 	C:\windows\System32\bcryptPrimitives.dll
0x00007ffc27c70000 - 0x00007ffc27c9d000 	C:\windows\System32\IMM32.DLL
0x0000000068000000 - 0x000000006805e000 	C:\windows\System32\QIPCAP64.dll
0x00007ffc27e70000 - 0x00007ffc27f11000 	C:\windows\System32\ADVAPI32.dll
0x00007ffc280b0000 - 0x00007ffc2810b000 	C:\windows\System32\sechost.dll
0x00007ffc283b0000 - 0x00007ffc297f0000 	C:\windows\System32\SHELL32.dll
0x00007ffc26e70000 - 0x00007ffc26eb9000 	C:\windows\System32\cfgmgr32.dll
0x00007ffc29800000 - 0x00007ffc298a9000 	C:\windows\System32\shcore.dll
0x00007ffc26640000 - 0x00007ffc26d4d000 	C:\windows\System32\windows.storage.dll
0x00007ffc29de0000 - 0x00007ffc29e31000 	C:\windows\System32\shlwapi.dll
0x00007ffc263d0000 - 0x00007ffc263e1000 	C:\windows\System32\kernel.appcore.dll
0x00007ffc263f0000 - 0x00007ffc2640f000 	C:\windows\System32\profapi.dll
0x00007ffc26360000 - 0x00007ffc263ac000 	C:\windows\System32\powrprof.dll
0x00007ffc26350000 - 0x00007ffc2635a000 	C:\windows\System32\FLTLIB.DLL
0x00007ffc25990000 - 0x00007ffc25a4e000 	C:\windows\SYSTEM32\DNSAPI.dll
0x00007ffc28330000 - 0x00007ffc2839c000 	C:\windows\System32\WS2_32.dll
0x00007ffc298b0000 - 0x00007ffc298b8000 	C:\windows\System32\NSI.dll
0x00007ffc25950000 - 0x00007ffc25988000 	C:\windows\SYSTEM32\IPHLPAPI.DLL
0x00007ffbdc220000 - 0x00007ffbdc2ca000 	C:\java\jdk-12.0.2\bin\msvcp140.dll
0x00007ffbbc030000 - 0x00007ffbbcba6000 	C:\java\jdk-12.0.2\bin\server\jvm.dll
0x000001ceafd30000 - 0x000001ceafd38000 	C:\windows\System32\PSAPI.DLL
0x00007ffc0a510000 - 0x00007ffc0a519000 	C:\windows\SYSTEM32\WSOCK32.dll
0x00007ffc208b0000 - 0x00007ffc208d3000 	C:\windows\SYSTEM32\WINMM.dll
0x00007ffc175b0000 - 0x00007ffc175ba000 	C:\windows\SYSTEM32\VERSION.dll
0x00007ffc20880000 - 0x00007ffc208aa000 	C:\windows\SYSTEM32\WINMMBASE.dll
0x00007ffc10a30000 - 0x00007ffc10a41000 	C:\java\jdk-12.0.2\bin\verify.dll
0x00007ffc21c70000 - 0x00007ffc21e39000 	C:\windows\SYSTEM32\DBGHELP.DLL
0x00007ffc097f0000 - 0x00007ffc09819000 	C:\windows\SYSTEM32\dbgcore.DLL
0x00007ffc10a00000 - 0x00007ffc10a26000 	C:\java\jdk-12.0.2\bin\java.dll
0x00007ffc10790000 - 0x00007ffc107a7000 	C:\java\jdk-12.0.2\bin\zip.dll
0x00007ffc1e900000 - 0x00007ffc1e90a000 	C:\java\jdk-12.0.2\bin\jimage.dll
0x00007ffc10770000 - 0x00007ffc10789000 	C:\java\jdk-12.0.2\bin\net.dll
0x00007ffc21a50000 - 0x00007ffc21b2d000 	C:\windows\SYSTEM32\WINHTTP.dll
0x00007ffc15240000 - 0x00007ffc15408000 	C:\windows\SYSTEM32\urlmon.dll
0x00007ffc155e0000 - 0x00007ffc15885000 	C:\windows\SYSTEM32\iertutil.dll
0x00007ffc25d80000 - 0x00007ffc25d8b000 	C:\windows\SYSTEM32\CRYPTBASE.DLL
0x00007ffc25bc0000 - 0x00007ffc25c26000 	C:\windows\system32\mswsock.dll
0x00007ffc10750000 - 0x00007ffc10763000 	C:\java\jdk-12.0.2\bin\nio.dll
0x00007ffc116e0000 - 0x00007ffc116e9000 	C:\java\jdk-12.0.2\bin\management.dll
0x00007ffc110b0000 - 0x00007ffc110bc000 	C:\java\jdk-12.0.2\bin\management_ext.dll
0x00007ffc09cd0000 - 0x00007ffc09ce6000 	C:\windows\system32\napinsp.dll
0x00007ffbfa500000 - 0x00007ffbfa51a000 	C:\windows\system32\pnrpnsp.dll
0x00007ffc1e800000 - 0x00007ffc1e819000 	C:\windows\system32\NLAapi.dll
0x00007ffc09cc0000 - 0x00007ffc09cce000 	C:\windows\System32\winrnr.dll
0x00007ffc18cf0000 - 0x00007ffc18d05000 	C:\windows\System32\wshbth.dll
0x00007ffbfa450000 - 0x00007ffbfa466000 	C:\windows\system32\wlidnsp.dll
0x00007ffc16a90000 - 0x00007ffc16a9a000 	C:\Windows\System32\rasadhlp.dll
0x00007ffc1e730000 - 0x00007ffc1e7a2000 	C:\windows\System32\fwpuclnt.dll
0x00007ffc25eb0000 - 0x00007ffc25ed5000 	C:\windows\SYSTEM32\bcrypt.dll
0x00007ffc25d90000 - 0x00007ffc25da7000 	C:\windows\SYSTEM32\CRYPTSP.dll
0x00007ffc257b0000 - 0x00007ffc257e3000 	C:\windows\system32\rsaenh.dll
0x00007ffc26250000 - 0x00007ffc26278000 	C:\windows\SYSTEM32\USERENV.dll
0x00007ffc1de90000 - 0x00007ffc1dea6000 	C:\windows\SYSTEM32\dhcpcsvc6.DLL
0x00007ffc1dd20000 - 0x00007ffc1dd3a000 	C:\windows\SYSTEM32\dhcpcsvc.DLL

dbghelp: loaded successfully - version: 4.0.5 - missing functions: none
symbol engine: initialized successfully - sym options: 0x614 - pdb path: .;C:\java\jdk-12.0.2\bin;C:\windows\SYSTEM32;C:\windows\WinSxS\amd64_microsoft.windows.common-controls_6595b64144ccf1df_6.0.17134.648_none_fb45a0e93062a6d2;C:\java\jdk-12.0.2\bin\server

VM Arguments:
jvm_args: -Dcom.sun.management.jmxremote -Dcom.sun.management.jmxremote.port=19598 -Dcom.sun.management.jmxremote.authenticate=false -Dcom.sun.management.jmxremote.ssl=false -Djava.rmi.server.hostname=localhost -Dspring.application.admin.enabled=true -Xverify:none -XX:TieredStopAtLevel=1 -Dfile.encoding=UTF-8 
java_command: com.bolsadeideas.springboot.backend.apirest.SpringBootBackendApirestApplication --spring.output.ansi.enabled=always
java_class_path (initial): E:\Users\aperaltap\Documents\workspace-spring-tool-suite-4-4.1.2.RELEASE\SpringAngularJWT-master\target\classes;E:\Users\aperaltap\.m2\repository\org\springframework\boot\spring-boot-starter-data-jpa\2.1.0.RELEASE\spring-boot-starter-data-jpa-2.1.0.RELEASE.jar;E:\Users\aperaltap\.m2\repository\org\springframework\boot\spring-boot-starter-aop\2.1.0.RELEASE\spring-boot-starter-aop-2.1.0.RELEASE.jar;E:\Users\aperaltap\.m2\repository\org\springframework\spring-aop\5.1.2.RELEASE\spring-aop-5.1.2.RELEASE.jar;E:\Users\aperaltap\.m2\repository\org\aspectj\aspectjweaver\1.9.2\aspectjweaver-1.9.2.jar;E:\Users\aperaltap\.m2\repository\org\springframework\boot\spring-boot-starter-jdbc\2.1.0.RELEASE\spring-boot-starter-jdbc-2.1.0.RELEASE.jar;E:\Users\aperaltap\.m2\repository\com\zaxxer\HikariCP\3.2.0\HikariCP-3.2.0.jar;E:\Users\aperaltap\.m2\repository\org\springframework\spring-jdbc\5.1.2.RELEASE\spring-jdbc-5.1.2.RELEASE.jar;E:\Users\aperaltap\.m2\repository\javax\transaction\javax.transaction-api\1.3\javax.transaction-api-1.3.jar;E:\Users\aperaltap\.m2\repository\org\hibernate\hibernate-core\5.3.7.Final\hibernate-core-5.3.7.Final.jar;E:\Users\aperaltap\.m2\repository\org\jboss\logging\jboss-logging\3.3.2.Final\jboss-logging-3.3.2.Final.jar;E:\Users\aperaltap\.m2\repository\javax\persistence\javax.persistence-api\2.2\javax.persistence-api-2.2.jar;E:\Users\aperaltap\.m2\repository\org\javassist\javassist\3.23.1-GA\javassist-3.23.1-GA.jar;E:\Users\aperaltap\.m2\repository\net\bytebuddy\byte-buddy\1.9.3\byte-buddy-1.9.3.jar;E:\Users\aperaltap\.m2\repository\antlr\antlr\2.7.7\antlr-2.7.7.jar;E:\Users\aperaltap\.m2\repository\org\jboss\jandex\2.0.5.Final\jandex-2.0.5.Final.jar;E:\Users\aperaltap\.m2\repository\com\fasterxml\classmate\1.4.0\classmate-1.4.0.jar;E:\Users\aperaltap\.m2\repository\javax\activation\javax.activation-api\1.2.0\javax.activation-api-1.2.0.jar;E:\Users\aperaltap\.m2\repository\org\dom4j\dom4j\2.1.1\dom4j-2.1.1.jar;E:\Users\aperalt
Launcher Type: SUN_STANDARD

[Global flags]
     bool BytecodeVerificationLocal                = false                                     {product} {command line}
     bool BytecodeVerificationRemote               = false                                     {product} {command line}
     intx CICompilerCount                          = 3                                         {product} {ergonomic}
     uint ConcGCThreads                            = 1                                         {product} {ergonomic}
     uint G1ConcRefinementThreads                  = 4                                         {product} {ergonomic}
   size_t G1HeapRegionSize                         = 1048576                                   {product} {ergonomic}
    uintx GCDrainStackTargetSize                   = 64                                        {product} {ergonomic}
   size_t InitialHeapSize                          = 134217728                                 {product} {ergonomic}
     bool ManagementServer                         = true                                      {product} {command line}
   size_t MarkStackSize                            = 4194304                                   {product} {ergonomic}
   size_t MaxHeapSize                              = 2118123520                                {product} {ergonomic}
   size_t MaxNewSize                               = 1270874112                                {product} {ergonomic}
   size_t MinHeapDeltaBytes                        = 1048576                                   {product} {ergonomic}
    uintx NonNMethodCodeHeapSize                   = 6973028                                {pd product} {ergonomic}
    uintx NonProfiledCodeHeapSize                  = 244685212                              {pd product} {ergonomic}
    uintx ProfiledCodeHeapSize                     = 0                                      {pd product} {ergonomic}
    uintx ReservedCodeCacheSize                    = 251658240                              {pd product} {ergonomic}
     bool SegmentedCodeCache                       = true                                      {product} {ergonomic}
     intx TieredStopAtLevel                        = 1                                         {product} {command line}
     bool UseCompressedClassPointers               = true                                 {lp64_product} {ergonomic}
     bool UseCompressedOops                        = true                                 {lp64_product} {ergonomic}
     bool UseG1GC                                  = true                                      {product} {ergonomic}
     bool UseLargePagesIndividualAllocation        = false                                  {pd product} {ergonomic}

Logging:
Log output configuration:
 #0: stdout all=warning uptime,level,tags
 #1: stderr all=off uptime,level,tags

Environment Variables:
JAVA_HOME=C:\java\jdk-12.0.2\bin
JRE_HOME=C:\Program Files (x86)\IBM\RationalSDLC\Common\Java5.0\jre
CLASSPATH=C:\Program Files (x86)\IBM\RationalSDLC\ClearQuest\cqjni.jar
PATH=C:/java/jdk-12.0.2/bin/server;C:/java/jdk-12.0.2/bin;E:\app\aperaltap\product\18.0.0\dbhomeXE\bin;C:\Program Files (x86)\IBM\RationalSDLC\common;C:\windows\system32;C:\windows;C:\windows\System32\Wbem;C:\windows\System32\WindowsPowerShell\v1.0\;C:\windows\System32\OpenSSH\;C:\Program Files (x86)\QuickTime\QTSystem\;C:\Program Files\Intel\WiFi\bin\;C:\Program Files\Common Files\Intel\WirelessCommon\;E:\Program Files\nodejs\;C:\Program Files (x86)\Microsoft SQL Server\100\Tools\Binn\;C:\Program Files\Microsoft SQL Server\100\Tools\Binn\;C:\Program Files\Microsoft SQL Server\100\DTS\Binn\;C:\Program Files (x86)\IBM\RationalSDLC\ClearCase\bin;C:\Program Files (x86)\IBM\gsk8\lib;C:\Program Files (x86)\IBM\gsk8\bin;C:\Program Files (x86)\IBM\RationalSDLC\ClearCase\RemoteClient\cteapis;C:\Program Files\apache-maven-3.6.0\bin;C:\Program Files\dotnet\;C:\Program Files\Microsoft SQL Server\130\Tools\Binn\;C:\Program Files (x86)\Microsoft SQL Server\100\Tools\Binn\VSShell\Common7\IDE\;C:\Program Files (x86)\Microsoft SQL Server\100\DTS\Binn\;C:\Program Files (x86)\Microsoft Visual Studio 9.0\Common7\IDE\PrivateAssemblies\;C:\java\jdk-12.0.2\bin\bin;C:\java\jdk-12.0.2\bin;E:\Users\aperaltap\AppData\Local\Microsoft\WindowsApps;E:\Users\aperaltap\AppData\Roaming\npm;E:\Users\aperaltap\AppData\Local\Programs\Microsoft VS Code\bin;E:\Users\aperaltap\AppData\Local\GitHubDesktop\bin;E:\Users\aperaltap\Documents\sts-4.1.2.RELEASE;
USERNAME=aperaltap
OS=Windows_NT
PROCESSOR_IDENTIFIER=Intel64 Family 6 Model 78 Stepping 3, GenuineIntel



---------------  S Y S T E M  ---------------

OS: Windows 10 , 64 bit Build 17134 (10.0.17134.648)

CPU:total 4 (initial active 4) (2 cores per cpu, 2 threads per core) family 6 model 78 stepping 3, cmov, cx8, fxsr, mmx, sse, sse2, sse3, ssse3, sse4.1, sse4.2, popcnt, avx, avx2, aes, clmul, erms, rtm, 3dnowpref, lzcnt, ht, tsc, tscinvbit, bmi1, bmi2, adx, fma

Memory: 4k page, system-wide physical 8072M (123M free)
TotalPageFile size 32648M (AvailPageFile size 0M)
current process WorkingSet (physical memory assigned to process): 45M, peak: 240M
current process commit charge ("private bytes"): 271M, peak: 272M

vm_info: OpenJDK 64-Bit Server VM (12.0.2+10) for windows-amd64 JRE (12.0.2+10), built on Jul 16 2019 01:56:05 by "mach5one" with MS VC++ 15.5 (VS2017)

END.
